<?xml version="1.0" encoding="UTF-8"?>
<!-- Generated by org.testng.reporters.JUnitReportReporter -->
<testsuite hostname="Hom-Dev03" failures="0" tests="1" name="runner.RunSMSTest" time="27.464" errors="0" timestamp="2020-07-10T14:01:19 MDT" skipped="1">
  <testcase classname="runner.RunSMSTest" name="runScenario" time="27.464">
    <skipped/>
  </testcase> <!-- runScenario -->
</testsuite> <!-- runner.RunSMSTest -->
