<?xml version="1.0" encoding="UTF-8"?>
<!-- Generated by org.testng.reporters.JUnitReportReporter -->
<testsuite hostname="Hom-Dev03" failures="0" tests="1" name="runner.RunSMSTest" time="42.397" errors="0" timestamp="2020-04-24T00:07:02 MDT" skipped="0">
  <testcase classname="runner.RunSMSTest" name="runScenario" time="42.397"/>
</testsuite> <!-- runner.RunSMSTest -->
